20230331	15:57:17	31265126-9510-40cb-9d28-d4e19236862f	GET	/testAPI	http://localhost:3000
20230331	16:08:37	1f6af4db-5add-4c3d-ab66-0d900d77deb4	GET	/testAPI	http://localhost:3000
20230331	16:08:37	04673181-f0ae-4050-938e-7957f734c3ed	GET	/testAPI	http://localhost:3000
20230331	16:08:42	1dce8399-a394-4f74-8635-71c6ec850ca3	GET	/testAPI	http://localhost:3000
20230331	16:08:42	0676d4b4-e749-47f0-b335-7760c61c729d	GET	/testAPI	http://localhost:3000
20230331	16:09:10	45c8eca4-8d97-466c-a2ca-15e0fef7f904	GET	/testAPI	http://localhost:3000
20230331	16:17:58	2514a3b1-43a3-465f-9f05-c4ea4dfcaab5	GET	/files	undefined
20230331	16:18:35	72b4f9c1-e7df-40cc-b7b5-cc5af57b9e01	GET	/files	undefined
20230331	16:18:35	8b7ad53a-1348-4f31-b4b7-17bff629ce80	GET	/css/style.css	undefined
20230331	16:18:50	d98b01d2-8db0-4e74-9d14-d5817532c715	GET	/filesName	undefined
20230331	16:19:51	cc0b4f93-89b3-4222-a43b-f9044edbf68c	GET	/filesName	undefined
20230331	16:20:38	15badfc0-f233-49cb-ae8c-6162950dc1ec	GET	/filesName	undefined
20230331	16:21:11	1a7b8864-b5f6-4253-b68a-c50151c6b181	GET	/filesName	undefined
20230331	16:22:01	67584a52-0107-4341-8bb1-519f1dc23d5f	GET	/files	undefined
20230331	16:22:04	9f317310-55cd-47fd-956d-6cba11dc4c54	GET	/files	undefined
20230331	16:22:31	47e463f7-f2fe-4048-9d2d-05fac9c96602	GET	/files	http://localhost:3000
20230331	16:23:00	3a0cb5c3-053e-4962-84de-cc8afff6d90a	GET	/files	http://localhost:3000
20230331	16:23:00	abb4df90-2e9a-48f0-adef-5734e8678064	GET	/files	http://localhost:3000
20230331	16:43:45	74818621-878a-45e5-90d6-c30da46491d4	GET	/files	http://localhost:3000
20230331	16:43:45	487b7df7-d6a7-4207-ab97-c368360f0749	GET	/files	http://localhost:3000
20230331	16:48:46	5ccc5f3e-ab5c-42dd-b46e-ff89a66a0ac5	GET	/files	http://localhost:3000
20230331	16:48:46	659069f7-a02f-4a8c-9a25-99ad5de156d9	GET	/files	http://localhost:3000
20230331	16:53:25	210948c2-be6d-4da6-8236-b5751b396239	GET	/files	http://localhost:3000
20230331	16:53:30	3a3510b7-9ef8-486a-8b02-737396d72221	OPTIONS	/files	http://localhost:3000
20230331	16:53:30	436f9885-0bdd-4928-8af1-f8bdc83eef41	POST	/files	http://localhost:3000
20230331	17:02:51	144e80fa-cbf6-4c42-9e26-def0ac02091e	GET	/files	http://localhost:3000
20230331	17:02:51	bbc677b4-0f74-4909-bac1-4649f7e90baf	GET	/files	http://localhost:3000
20230331	17:02:57	6037314f-617f-47c9-a5d4-16305f700cbc	OPTIONS	/files	http://localhost:3000
20230331	17:02:57	629f7ba6-c8d3-4bca-94b9-5dcb72491605	POST	/files	http://localhost:3000
20230331	17:03:48	bf9aa315-a329-4fca-89b0-857908949bfc	OPTIONS	/files	http://localhost:3000
20230331	17:03:48	adf97db1-558b-4cb8-9632-b40b4ce1ceb7	POST	/files	http://localhost:3000
20230331	17:34:18	861ad5f3-f2c4-496f-97b8-087cab766364	GET	/files	http://localhost:3000
20230331	17:34:18	71bcd294-f7d8-44d3-854c-87d7d7919d84	GET	/files	http://localhost:3000
20230331	17:34:22	b03a38f6-2dbb-4e7e-a7fb-c5f077f6b4e2	OPTIONS	/files	http://localhost:3000
20230331	17:34:22	ba0fcb6e-cb23-4637-8f4d-6284865d9716	POST	/files	http://localhost:3000
20230331	17:35:37	9e7b7285-d3bc-49e1-ac1a-b53c1f0c2414	OPTIONS	/files	http://localhost:3000
20230331	17:35:37	0c2e0c1c-fc0f-4306-ab45-5c619fc59960	POST	/files	http://localhost:3000
20230331	17:35:50	d8adc63f-a15f-4c7b-b1b8-cecaec66432e	OPTIONS	/files	http://localhost:3000
20230331	17:35:50	51a86931-0e1c-4186-8a58-a2a0acfe82a1	POST	/files	http://localhost:3000
20230331	17:37:46	ca2dadb9-55cc-4ca0-870f-b46806a679ae	OPTIONS	/files	http://localhost:3000
20230331	17:37:46	6031bae7-5886-42f6-a7d6-2cbef9a70e33	POST	/files	http://localhost:3000
20230331	17:38:54	060ea761-b905-4e56-89a4-cf406bf43357	OPTIONS	/files	http://localhost:3000
20230331	17:38:54	531140d1-93c1-4178-8304-02af612ab1d4	POST	/files	http://localhost:3000
20230331	17:39:34	65a31b87-dce2-421b-b452-9cb9787042f3	OPTIONS	/files	http://localhost:3000
20230331	17:39:34	adfffdb1-9159-4e4f-b46a-c3fccd7f7bcf	POST	/files	http://localhost:3000
20230331	17:40:52	5e0c2294-5430-48a6-ba17-0120e3789a93	OPTIONS	/files	http://localhost:3000
20230331	17:40:52	35533f40-ba59-4fc9-ae92-b57cb10f7e3a	POST	/files	http://localhost:3000
20230331	17:46:08	b6db2f36-1634-49e1-8f64-c355a25046c5	OPTIONS	/files	http://localhost:3000
20230331	17:46:08	10c08f21-7bf7-4ef8-8175-57d5de9e0ccc	POST	/files	http://localhost:3000
20230331	17:47:32	7e791c99-7ac7-4a7d-9cd5-d7d81a5b764e	OPTIONS	/files	http://localhost:3000
20230331	17:47:32	cd46f4c4-240b-46b2-bdc7-65529e5e1d9a	POST	/files	http://localhost:3000
20230331	17:51:25	e89412c8-a259-4642-9f1c-643c861068ce	OPTIONS	/files	http://localhost:3000
20230331	17:51:25	de4f6a98-4fbc-473d-a813-fc980e64359b	POST	/files	http://localhost:3000
20230402	21:11:03	7c7fc02b-5a9c-48ac-a902-2952732c7497	GET	/files	http://localhost:3000
20230402	21:11:03	88a6a790-a0f6-420e-9fa9-5e98ad784ea3	GET	/files	http://localhost:3000
20230402	21:11:03	d7a090ba-a3b3-43ce-9dbf-9ae9645edf03	GET	/files	http://localhost:3000
20230402	21:11:03	921b9e5c-e854-4cde-af0f-c0cbca94b199	GET	/files	http://localhost:3000
20230402	21:11:16	ef1b77e7-9579-43b9-8996-07c75083a0ab	GET	/files	http://localhost:3000
20230402	21:11:50	3017a02a-79bb-40fe-b12c-889337007bcf	GET	/files	http://localhost:3000
20230402	21:12:17	ea228f93-45e7-47e6-9383-fe92dd493e06	GET	/files	http://localhost:3000
20230402	21:12:17	ea54ce84-50f2-4869-aee9-164300444185	GET	/files	http://localhost:3000
20230402	21:12:23	3d10dcb8-3ea8-4d39-82e4-3f871b7ec6ac	GET	/files	http://localhost:3000
20230402	21:12:23	4d13a35e-1c42-472a-b473-c052fff33481	GET	/files	http://localhost:3000
20230402	21:13:34	b9f922a3-108d-4567-ad44-2d6c94f8c021	OPTIONS	/files	http://localhost:3000
20230402	21:13:35	eaeb28b8-cd1b-4724-8695-661446b43948	POST	/files	http://localhost:3000
20230402	21:14:20	b9de329e-c3de-405f-aec3-6801d848fe26	OPTIONS	/files	http://localhost:3000
20230402	21:14:20	ee884a72-8f2a-4d01-9eff-a677d956e830	POST	/files	http://localhost:3000
20230402	21:15:56	552dc75f-571a-4aaf-8699-b773564d7b25	GET	/files	http://localhost:3000
20230402	21:15:56	364636b5-73b4-461d-97af-06d16adb7175	GET	/files	http://localhost:3000
20230402	21:16:01	626420a3-9d7b-40d0-a4e3-36695bec34b9	OPTIONS	/files	http://localhost:3000
20230402	21:16:01	51b9a62d-5b64-4196-8e75-3c1e5998b6aa	POST	/files	http://localhost:3000
20230402	21:19:03	b5b6e6a0-50b7-483c-9e8b-104ce19e62fb	OPTIONS	/files	http://localhost:3000
20230402	21:19:03	d847ab3d-ec02-407e-b7c3-7da16892b8f8	POST	/files	http://localhost:3000
20230402	21:29:07	ec4ad480-0273-4be4-96a1-1dd3006bed77	GET	/files	http://localhost:3000
20230402	21:30:20	8aedfa10-9370-4314-b5d4-cc894a16e31f	GET	/files	http://localhost:3000
20230402	21:30:20	9496c449-2c87-4a8d-85fb-5b46ea6e50c7	GET	/files	http://localhost:3000
20230402	21:30:25	0897bd61-c131-4559-a6bc-00de31656712	OPTIONS	/files	http://localhost:3000
20230402	21:30:25	a3481e4c-2e7b-4c75-98a9-f2a29324afbd	POST	/files	http://localhost:3000
20230402	21:41:08	f5ce83b1-38d4-4853-9546-81e65d85a0d3	GET	/files	http://localhost:3000
20230402	21:41:08	3db86635-4318-45c2-acc1-77d9644c0b3b	GET	/files	http://localhost:3000
20230402	21:41:24	59ed1980-7595-4417-b31a-cd0d5a241422	OPTIONS	/files	http://localhost:3000
20230402	21:41:24	72233344-c30e-4100-886b-796023594aae	POST	/files	http://localhost:3000
20230404	18:49:15	7d3e96c9-20f0-4eaf-b394-4d3832522e3c	GET	/files	http://localhost:3000
20230404	18:49:15	95785d67-248d-4d2d-8836-305faed85740	GET	/files	http://localhost:3000
20230404	18:57:02	e79bf188-0fbc-48e4-bd43-f61217c86bfb	GET	/files	http://localhost:3000
20230404	18:57:02	6ceb4872-ae7f-46fd-b877-d81c3621ebaf	GET	/files	http://localhost:3000
20230614	12:03:31	756ed6f5-39c4-48d4-bfa6-72f8818d14b0	GET	/files	http://localhost:3000
